<?xml version="1.0" encoding="UTF-8"?>
<!-- Generated by org.testng.reporters.JUnitReportReporter -->
<testsuite hostname="IND04-L-5K255B3" failures="0" tests="1" name="Cucumber.TestNGTestRunner" time="6.692" errors="0" timestamp="2024-03-15T13:33:39 IST" skipped="0">
  <testcase classname="Cucumber.TestNGTestRunner" name="runScenario" time="6.692"/>
</testsuite> <!-- Cucumber.TestNGTestRunner -->
