<?xml version="1.0" encoding="UTF-8"?>
<!-- Generated by org.testng.reporters.JUnitReportReporter -->
<testsuite hostname="IND04-L-5K255B3" failures="0" tests="3" name="MavenProjectLearning.SubmitOrderTest" time="21.005" errors="0" timestamp="2024-03-06T10:15:44 IST" skipped="0">
  <testcase classname="MavenProjectLearning.SubmitOrderTest" name="OrderHistoryTest" time="4.771"/>
  <testcase classname="MavenProjectLearning.SubmitOrderTest" name="submitOrder" time="8.180"/>
  <testcase classname="MavenProjectLearning.SubmitOrderTest" name="submitOrder" time="8.054"/>
</testsuite> <!-- MavenProjectLearning.SubmitOrderTest -->
