<?xml version="1.0" encoding="UTF-8"?>
<!-- Generated by org.testng.reporters.JUnitReportReporter -->
<testsuite hostname="IND04-L-5K255B3" failures="0" tests="2" name="MavenProjectLearning.ErrorValidationsTest" time="8.251" errors="0" timestamp="2024-03-06T10:15:44 IST" skipped="0">
  <testcase classname="MavenProjectLearning.ErrorValidationsTest" name="LoginErrorValidation" time="2.726"/>
  <testcase classname="MavenProjectLearning.ErrorValidationsTest" name="ProductErrorValidation" time="5.525"/>
</testsuite> <!-- MavenProjectLearning.ErrorValidationsTest -->
