<?xml version="1.0" encoding="UTF-8"?>
<!-- Generated by org.testng.reporters.JUnitReportReporter -->
<testsuite hostname="IND04-L-5K255B3" failures="0" tests="2" name="MavenProjectLearning.ErrorValidationsTest" time="15.606" errors="0" timestamp="2024-03-15T14:56:22 IST" skipped="0">
  <testcase classname="MavenProjectLearning.ErrorValidationsTest" name="LoginErrorValidation" time="9.215"/>
  <testcase classname="MavenProjectLearning.ErrorValidationsTest" name="ProductErrorValidation" time="6.391"/>
</testsuite> <!-- MavenProjectLearning.ErrorValidationsTest -->
