<?xml version="1.0" encoding="UTF-8"?>
<!-- Generated by org.testng.reporters.JUnitReportReporter -->
<testsuite hostname="IND04-L-5K255B3" failures="0" tests="3" name="MavenProjectLearning.SubmitOrderTest" time="29.979" errors="0" timestamp="2024-03-15T14:56:22 IST" skipped="0">
  <testcase classname="MavenProjectLearning.SubmitOrderTest" name="OrderHistoryTest" time="4.944"/>
  <testcase classname="MavenProjectLearning.SubmitOrderTest" name="submitOrder" time="13.263"/>
  <testcase classname="MavenProjectLearning.SubmitOrderTest" name="submitOrder" time="11.772"/>
</testsuite> <!-- MavenProjectLearning.SubmitOrderTest -->
